<?xml version="1.0" encoding="UTF-8"?>
<!-- Generated by org.testng.reporters.JUnitReportReporter -->
<testsuite hostname="DESKTOP-C185PLQ" failures="0" tests="1" name="runner.CucumberRunnerTests" time="152.325" errors="0" timestamp="2023-07-14T23:05:20 IST" skipped="0">
  <testcase classname="runner.CucumberRunnerTests" name="runScenario" time="152.325"/>
  <system-out/>
</testsuite> <!-- runner.CucumberRunnerTests -->
